{"/home/runner/work/postcss-prefix-selector/postcss-prefix-selector/index.js":{"path":"/home/runner/work/postcss-prefix-selector/postcss-prefix-selector/index.js","statementMap":{"0":{"start":{"line":11,"column":21},"end":{"line":76,"column":1}},"1":{"start":{"line":12,"column":17},"end":{"line":12,"column":31}},"2":{"start":{"line":13,"column":26},"end":{"line":13,"column":69}},"3":{"start":{"line":14,"column":22},"end":{"line":14,"column":79}},"4":{"start":{"line":15,"column":23},"end":{"line":17,"column":8}},"5":{"start":{"line":19,"column":2},"end":{"line":75,"column":3}},"6":{"start":{"line":22,"column":19},"end":{"line":22,"column":30}},"7":{"start":{"line":23,"column":19},"end":{"line":23,"column":41}},"8":{"start":{"line":26,"column":6},"end":{"line":30,"column":7}},"9":{"start":{"line":27,"column":8},"end":{"line":27,"column":15}},"10":{"start":{"line":28,"column":13},"end":{"line":30,"column":7}},"11":{"start":{"line":29,"column":8},"end":{"line":29,"column":15}},"12":{"start":{"line":32,"column":6},"end":{"line":73,"column":8}},"13":{"start":{"line":34,"column":32},"end":{"line":40,"column":11}},"14":{"start":{"line":42,"column":10},"end":{"line":44,"column":11}},"15":{"start":{"line":43,"column":12},"end":{"line":43,"column":19}},"16":{"start":{"line":46,"column":10},"end":{"line":71,"column":13}},"17":{"start":{"line":47,"column":12},"end":{"line":49,"column":13}},"18":{"start":{"line":48,"column":14},"end":{"line":48,"column":30}},"19":{"start":{"line":51,"column":12},"end":{"line":59,"column":13}},"20":{"start":{"line":52,"column":14},"end":{"line":58,"column":16}},"21":{"start":{"line":62,"column":12},"end":{"line":68,"column":13}},"22":{"start":{"line":62,"column":60},"end":{"line":62,"column":90}},"23":{"start":{"line":63,"column":14},"end":{"line":65,"column":15}},"24":{"start":{"line":64,"column":16},"end":{"line":64,"column":32}},"25":{"start":{"line":67,"column":14},"end":{"line":67,"column":94}},"26":{"start":{"line":70,"column":12},"end":{"line":70,"column":46}},"27":{"start":{"line":79,"column":2},"end":{"line":85,"column":5}},"28":{"start":{"line":80,"column":4},"end":{"line":82,"column":5}},"29":{"start":{"line":81,"column":6},"end":{"line":81,"column":37}},"30":{"start":{"line":84,"column":4},"end":{"line":84,"column":39}},"31":{"start":{"line":89,"column":2},"end":{"line":95,"column":5}},"32":{"start":{"line":90,"column":4},"end":{"line":92,"column":5}},"33":{"start":{"line":91,"column":6},"end":{"line":91,"column":40}},"34":{"start":{"line":94,"column":4},"end":{"line":94,"column":36}},"35":{"start":{"line":98,"column":0},"end":{"line":98,"column":27}},"36":{"start":{"line":100,"column":0},"end":{"line":100,"column":30}}},"fnMap":{"0":{"name":"(anonymous_0)","decl":{"start":{"line":11,"column":21},"end":{"line":11,"column":22}},"loc":{"start":{"line":11,"column":39},"end":{"line":76,"column":1}},"line":11},"1":{"name":"(anonymous_1)","decl":{"start":{"line":21,"column":4},"end":{"line":21,"column":5}},"loc":{"start":{"line":21,"column":20},"end":{"line":74,"column":5}},"line":21},"2":{"name":"(anonymous_2)","decl":{"start":{"line":33,"column":8},"end":{"line":33,"column":9}},"loc":{"start":{"line":33,"column":31},"end":{"line":72,"column":9}},"line":33},"3":{"name":"(anonymous_3)","decl":{"start":{"line":46,"column":46},"end":{"line":46,"column":47}},"loc":{"start":{"line":46,"column":60},"end":{"line":71,"column":11}},"line":46},"4":{"name":"(anonymous_4)","decl":{"start":{"line":62,"column":47},"end":{"line":62,"column":48}},"loc":{"start":{"line":62,"column":60},"end":{"line":62,"column":90}},"line":62},"5":{"name":"isFileInArray","decl":{"start":{"line":78,"column":9},"end":{"line":78,"column":22}},"loc":{"start":{"line":78,"column":34},"end":{"line":86,"column":1}},"line":78},"6":{"name":"(anonymous_6)","decl":{"start":{"line":79,"column":18},"end":{"line":79,"column":19}},"loc":{"start":{"line":79,"column":36},"end":{"line":85,"column":3}},"line":79},"7":{"name":"excludeSelector","decl":{"start":{"line":88,"column":9},"end":{"line":88,"column":24}},"loc":{"start":{"line":88,"column":47},"end":{"line":96,"column":1}},"line":88},"8":{"name":"(anonymous_8)","decl":{"start":{"line":89,"column":25},"end":{"line":89,"column":26}},"loc":{"start":{"line":89,"column":42},"end":{"line":95,"column":3}},"line":89}},"branchMap":{"0":{"loc":{"start":{"line":11,"column":22},"end":{"line":11,"column":34}},"type":"default-arg","locations":[{"start":{"line":11,"column":32},"end":{"line":11,"column":34}}],"line":11},"1":{"loc":{"start":{"line":13,"column":26},"end":{"line":13,"column":69}},"type":"cond-expr","locations":[{"start":{"line":13,"column":48},"end":{"line":13,"column":54}},{"start":{"line":13,"column":57},"end":{"line":13,"column":69}}],"line":13},"2":{"loc":{"start":{"line":14,"column":22},"end":{"line":14,"column":79}},"type":"cond-expr","locations":[{"start":{"line":14,"column":44},"end":{"line":14,"column":74}},{"start":{"line":14,"column":77},"end":{"line":14,"column":79}}],"line":14},"3":{"loc":{"start":{"line":15,"column":23},"end":{"line":17,"column":8}},"type":"cond-expr","locations":[{"start":{"line":16,"column":6},"end":{"line":16,"column":37}},{"start":{"line":17,"column":6},"end":{"line":17,"column":8}}],"line":15},"4":{"loc":{"start":{"line":26,"column":6},"end":{"line":30,"column":7}},"type":"if","locations":[{"start":{"line":26,"column":6},"end":{"line":30,"column":7}},{"start":{"line":28,"column":13},"end":{"line":30,"column":7}}],"line":26},"5":{"loc":{"start":{"line":26,"column":10},"end":{"line":26,"column":72}},"type":"binary-expr","locations":[{"start":{"line":26,"column":10},"end":{"line":26,"column":28}},{"start":{"line":26,"column":32},"end":{"line":26,"column":36}},{"start":{"line":26,"column":40},"end":{"line":26,"column":72}}],"line":26},"6":{"loc":{"start":{"line":28,"column":13},"end":{"line":30,"column":7}},"type":"if","locations":[{"start":{"line":28,"column":13},"end":{"line":30,"column":7}},{"start":{},"end":{}}],"line":28},"7":{"loc":{"start":{"line":28,"column":17},"end":{"line":28,"column":82}},"type":"binary-expr","locations":[{"start":{"line":28,"column":17},"end":{"line":28,"column":36}},{"start":{"line":28,"column":40},"end":{"line":28,"column":44}},{"start":{"line":28,"column":48},"end":{"line":28,"column":82}}],"line":28},"8":{"loc":{"start":{"line":42,"column":10},"end":{"line":44,"column":11}},"type":"if","locations":[{"start":{"line":42,"column":10},"end":{"line":44,"column":11}},{"start":{},"end":{}}],"line":42},"9":{"loc":{"start":{"line":42,"column":14},"end":{"line":42,"column":69}},"type":"binary-expr","locations":[{"start":{"line":42,"column":14},"end":{"line":42,"column":25}},{"start":{"line":42,"column":29},"end":{"line":42,"column":69}}],"line":42},"10":{"loc":{"start":{"line":47,"column":12},"end":{"line":49,"column":13}},"type":"if","locations":[{"start":{"line":47,"column":12},"end":{"line":49,"column":13}},{"start":{},"end":{}}],"line":47},"11":{"loc":{"start":{"line":47,"column":16},"end":{"line":47,"column":77}},"type":"binary-expr","locations":[{"start":{"line":47,"column":16},"end":{"line":47,"column":31}},{"start":{"line":47,"column":35},"end":{"line":47,"column":77}}],"line":47},"12":{"loc":{"start":{"line":51,"column":12},"end":{"line":59,"column":13}},"type":"if","locations":[{"start":{"line":51,"column":12},"end":{"line":59,"column":13}},{"start":{},"end":{}}],"line":51},"13":{"loc":{"start":{"line":62,"column":12},"end":{"line":68,"column":13}},"type":"if","locations":[{"start":{"line":62,"column":12},"end":{"line":68,"column":13}},{"start":{},"end":{}}],"line":62},"14":{"loc":{"start":{"line":63,"column":14},"end":{"line":65,"column":15}},"type":"if","locations":[{"start":{"line":63,"column":14},"end":{"line":65,"column":15}},{"start":{},"end":{}}],"line":63},"15":{"loc":{"start":{"line":80,"column":4},"end":{"line":82,"column":5}},"type":"if","locations":[{"start":{"line":80,"column":4},"end":{"line":82,"column":5}},{"start":{},"end":{}}],"line":80},"16":{"loc":{"start":{"line":90,"column":4},"end":{"line":92,"column":5}},"type":"if","locations":[{"start":{"line":90,"column":4},"end":{"line":92,"column":5}},{"start":{},"end":{}}],"line":90}},"s":{"0":1,"1":23,"2":23,"3":23,"4":23,"5":23,"6":23,"7":23,"8":23,"9":2,"10":21,"11":2,"12":19,"13":77,"14":77,"15":8,"16":69,"17":74,"18":4,"19":70,"20":28,"21":42,"22":116,"23":10,"24":5,"25":5,"26":32,"27":9,"28":9,"29":4,"30":5,"31":7,"32":18,"33":5,"34":13,"35":1,"36":1},"f":{"0":23,"1":23,"2":77,"3":74,"4":116,"5":9,"6":9,"7":7,"8":18},"b":{"0":[0],"1":[14,9],"2":[4,19],"3":[6,17],"4":[2,21],"5":[23,4,4],"6":[2,19],"7":[21,5,5],"8":[8,69],"9":[77,77],"10":[4,70],"11":[74,7],"12":[28,42],"13":[10,32],"14":[5,5],"15":[4,5],"16":[5,13]},"_coverageSchema":"1a1c01bbd47fc00a2c39e90264f33305004495a9","hash":"567a8e8a0a391e6a1096e397feb0d5fb936b1887","contentHash":"9bd6862e35420a5cdc266628f3efadea2420f13f0528efe0a6a915fa90a7a766"}}